<?xml version="1.0" encoding="UTF-8"?>
<!-- Generated by org.testng.reporters.JUnitReportReporter -->
<testsuite skipped="0" hostname="DESKTOP-CFKOTVR" name="script.demo" tests="1" failures="0" timestamp="06 Dec 2017 12:56:33 GMT" time="18.099" errors="0">
  <testcase name="demo1" time="18.099" classname="script.demo"/>
</testsuite> <!-- script.demo -->
